This is pdfTeX, Version 3.1415926-1.40.10 (MiKTeX 2.8) (preloaded format=pdflatex 2010.6.8)  30 JUN 2011 12:58
entering extended mode
**notes.tex
(D:\Diss\Writing\Notes\notes.tex
LaTeX2e <2009/09/24>
Babel <v3.8l> and hyphenation patterns for english, dumylang, nohyphenation, ge
rman, ngerman, german-x-2009-06-19, ngerman-x-2009-06-19, french, loaded.
("D:\Programs\MiKTeX 2.8\tex\latex\base\article.cls"
Document Class: article 2007/10/19 v1.4h Standard LaTeX document class
("D:\Programs\MiKTeX 2.8\tex\latex\base\size10.clo"
File: size10.clo 2007/10/19 v1.4h Standard LaTeX file (size option)
)
\c@part=\count79
\c@section=\count80
\c@subsection=\count81
\c@subsubsection=\count82
\c@paragraph=\count83
\c@subparagraph=\count84
\c@figure=\count85
\c@table=\count86
\abovecaptionskip=\skip41
\belowcaptionskip=\skip42
\bibindent=\dimen102
)
(D:\Diss\Writing\Notes\notes.aux)
LaTeX Font Info:    Checking defaults for OML/cmm/m/it on input line 8.
LaTeX Font Info:    ... okay on input line 8.
LaTeX Font Info:    Checking defaults for T1/cmr/m/n on input line 8.
LaTeX Font Info:    ... okay on input line 8.
LaTeX Font Info:    Checking defaults for OT1/cmr/m/n on input line 8.
LaTeX Font Info:    ... okay on input line 8.
LaTeX Font Info:    Checking defaults for OMS/cmsy/m/n on input line 8.
LaTeX Font Info:    ... okay on input line 8.
LaTeX Font Info:    Checking defaults for OMX/cmex/m/n on input line 8.
LaTeX Font Info:    ... okay on input line 8.
LaTeX Font Info:    Checking defaults for U/cmr/m/n on input line 8.
LaTeX Font Info:    ... okay on input line 8.
LaTeX Font Info:    External font `cmex10' loaded for size
(Font)              <12> on input line 9.
LaTeX Font Info:    External font `cmex10' loaded for size
(Font)              <8> on input line 9.
LaTeX Font Info:    External font `cmex10' loaded for size
(Font)              <6> on input line 9.
LaTeX Font Info:    Try loading font information for OMS+cmr on input line 12.

("D:\Programs\MiKTeX 2.8\tex\latex\base\omscmr.fd"
File: omscmr.fd 1999/05/25 v2.5h Standard LaTeX font definitions
)
LaTeX Font Info:    Font shape `OMS/cmr/m/n' in size <10> not available
(Font)              Font shape `OMS/cmsy/m/n' tried instead on input line 12.
LaTeX Font Info:    External font `cmex10' loaded for size
(Font)              <7> on input line 14.
LaTeX Font Info:    External font `cmex10' loaded for size
(Font)              <5> on input line 14.
 [1

{C:/ProgramData/MiKTeX/2.8/pdftex/config/pdftex.map}] [2] [3] (D:\Diss\Writing\
Notes\notes.aux) ) 
Here is how much of TeX's memory you used:
 255 strings out of 495285
 2874 string characters out of 3180831
 51047 words of memory out of 3000000
 3523 multiletter control sequences out of 15000+200000
 8150 words of font info for 29 fonts, out of 3000000 for 9000
 14 hyphenation exceptions out of 8191
 23i,10n,19p,570b,322s stack positions out of 5000i,500n,10000p,200000b,50000s
<D:/Programs/MiKTeX 2.8/fonts/type1/public/amsfonts/cm/cmbx10
.pfb><D:/Programs/MiKTeX 2.8/fonts/type1/public/amsfonts/cm/cmcsc10.pfb><D:/Pro
grams/MiKTeX 2.8/fonts/type1/public/amsfonts/cm/cmex10.pfb><D:/Programs/MiKTeX 
2.8/fonts/type1/public/amsfonts/cm/cmmi10.pfb><D:/Programs/MiKTeX 2.8/fonts/typ
e1/public/amsfonts/cm/cmmi5.pfb><D:/Programs/MiKTeX 2.8/fonts/type1/public/amsf
onts/cm/cmmi7.pfb><D:/Programs/MiKTeX 2.8/fonts/type1/public/amsfonts/cm/cmmi8.
pfb><D:/Programs/MiKTeX 2.8/fonts/type1/public/amsfonts/cm/cmr10.pfb><D:/Progra
ms/MiKTeX 2.8/fonts/type1/public/amsfonts/cm/cmr12.pfb><D:/Programs/MiKTeX 2.8/
fonts/type1/public/amsfonts/cm/cmr17.pfb><D:/Programs/MiKTeX 2.8/fonts/type1/pu
blic/amsfonts/cm/cmr6.pfb><D:/Programs/MiKTeX 2.8/fonts/type1/public/amsfonts/c
m/cmr7.pfb><D:/Programs/MiKTeX 2.8/fonts/type1/public/amsfonts/cm/cmr8.pfb><D:/
Programs/MiKTeX 2.8/fonts/type1/public/amsfonts/cm/cmsy10.pfb><D:/Programs/MiKT
eX 2.8/fonts/type1/public/amsfonts/cm/cmsy7.pfb><D:/Programs/MiKTeX 2.8/fonts/t
ype1/public/amsfonts/cm/cmsy8.pfb><D:/Programs/MiKTeX 2.8/fonts/type1/public/am
sfonts/cm/cmti10.pfb><D:/Programs/MiKTeX 2.8/fonts/type1/public/amsfonts/cm/cmt
i8.pfb><D:/Programs/MiKTeX 2.8/fonts/type1/public/amsfonts/cm/cmtt10.pfb>
Output written on notes.pdf (3 pages, 188847 bytes).
PDF statistics:
 88 PDF objects out of 1000 (max. 8388607)
 0 named destinations out of 1000 (max. 500000)
 1 words of extra memory for PDF output out of 10000 (max. 10000000)

