\BOOKMARK [0][-]{chapter.1}{Introduction}{}
\BOOKMARK [0][-]{chapter.2}{Background}{}
\BOOKMARK [1][-]{section.2.1}{Theoretical background}{chapter.2}
\BOOKMARK [1][-]{section.2.2}{Related methods}{chapter.2}
\BOOKMARK [0][-]{chapter.3}{Neighbourhood component analysis}{}
\BOOKMARK [1][-]{section.3.1}{General presentation}{chapter.3}
\BOOKMARK [1][-]{section.3.2}{Class-conditional kernel density estimation interpretation}{chapter.3}
\BOOKMARK [1][-]{section.3.3}{Practical notes}{chapter.3}
\BOOKMARK [2][-]{subsection.3.3.1}{Optimization methods}{section.3.3}
\BOOKMARK [2][-]{subsection.3.3.2}{Initialization}{section.3.3}
\BOOKMARK [2][-]{subsection.3.3.3}{Numerical issues}{section.3.3}
\BOOKMARK [2][-]{subsection.3.3.4}{Regularization}{section.3.3}
\BOOKMARK [2][-]{subsection.3.3.5}{Doing classification}{section.3.3}
\BOOKMARK [2][-]{subsection.3.3.6}{Dimensionality annealing}{section.3.3}
\BOOKMARK [0][-]{chapter.4}{Reducing the computational cost}{}
\BOOKMARK [1][-]{section.4.1}{Sub-sampling}{chapter.4}
\BOOKMARK [1][-]{section.4.2}{Mini-batches}{chapter.4}
\BOOKMARK [1][-]{section.4.3}{Stochastic learning}{chapter.4}
\BOOKMARK [1][-]{section.4.4}{Approximate computations}{chapter.4}
\BOOKMARK [2][-]{subsection.4.4.1}{k-d trees}{section.4.4}
\BOOKMARK [2][-]{subsection.4.4.2}{Approximate kernel density estimation}{section.4.4}
\BOOKMARK [2][-]{subsection.4.4.3}{Approximate KDE for NCA}{section.4.4}
\BOOKMARK [1][-]{section.4.5}{Exact computations}{chapter.4}
\BOOKMARK [1][-]{section.4.6}{NCA with compact support kernels and background distribution}{chapter.4}
\BOOKMARK [0][-]{chapter.5}{Evaluation}{}
\BOOKMARK [1][-]{section.5.1}{Evaluation setup}{chapter.5}
\BOOKMARK [1][-]{section.5.2}{Baseline}{chapter.5}
\BOOKMARK [1][-]{section.5.3}{Mini-batches methods}{chapter.5}
\BOOKMARK [2][-]{subsection.5.3.1}{Sub-sampling}{section.5.3}
\BOOKMARK [2][-]{subsection.5.3.2}{Mini-batches}{section.5.3}
\BOOKMARK [2][-]{subsection.5.3.3}{Stochastic learning}{section.5.3}
\BOOKMARK [2][-]{subsection.5.3.4}{Comparison}{section.5.3}
\BOOKMARK [1][-]{section.5.4}{Approximate computations}{chapter.5}
\BOOKMARK [2][-]{subsection.5.4.1}{NCA with k-d trees}{section.5.4}
\BOOKMARK [2][-]{subsection.5.4.2}{NCA with compact support kernels}{section.5.4}
\BOOKMARK [1][-]{section.5.5}{Recommendations}{chapter.5}
\BOOKMARK [0][-]{appendix.A}{MATLAB code}{}
\BOOKMARK [1][-]{section.A.1}{NCA objective function}{appendix.A}
\BOOKMARK [0][-]{appendix.B}{Further results}{}
\BOOKMARK [1][-]{section.B.1}{Initialization}{appendix.B}
\BOOKMARK [1][-]{section.B.2}{NCA with compact support kernels}{appendix.B}
\BOOKMARK [0][-]{appendix*.5}{Bibliography}{}
