This is pdfTeX, Version 3.1415926-1.40.10 (MiKTeX 2.8) (preloaded format=pdflatex 2010.6.8)  27 JUL 2011 17:26
entering extended mode
**main.tex
(D:\Diss\Writing\Thesis\main.tex
LaTeX2e <2009/09/24>
Babel <v3.8l> and hyphenation patterns for english, dumylang, nohyphenation, ge
rman, ngerman, german-x-2009-06-19, ngerman-x-2009-06-19, french, loaded.
(D:\Diss\Writing\Thesis\infthesis.cls
Document Class: infthesis 2011/02/02 v3.5 School of Informatics Thesis Class
("D:\Programs\MiKTeX 2.8\tex\latex\geometry\geometry.sty"
Package: geometry 2010/03/13 v5.3 Page Geometry

("D:\Programs\MiKTeX 2.8\tex\latex\graphics\keyval.sty"
Package: keyval 1999/03/16 v1.13 key=value parser (DPC)
\KV@toks@=\toks14
)
("D:\Programs\MiKTeX 2.8\tex\generic\oberdiek\ifpdf.sty"
Package: ifpdf 2010/01/28 v2.1 Provides the ifpdf switch (HO)
Package ifpdf Info: pdfTeX in pdf mode detected.
)
("D:\Programs\MiKTeX 2.8\tex\generic\oberdiek\ifvtex.sty"
Package: ifvtex 2010/03/01 v1.5 Switches for detecting VTeX and its modes (HO)
Package ifvtex Info: VTeX not detected.
)
\Gm@cnth=\count79
\Gm@cntv=\count80
\c@Gm@tempcnt=\count81
\Gm@bindingoffset=\dimen102
\Gm@wd@mp=\dimen103
\Gm@odd@mp=\dimen104
\Gm@even@mp=\dimen105
\Gm@layoutwidth=\dimen106
\Gm@layoutheight=\dimen107
\Gm@layouthoffset=\dimen108
\Gm@layoutvoffset=\dimen109
\Gm@dimlist=\toks15

("D:\Programs\MiKTeX 2.8\tex\latex\geometry\geometry.cfg"))
("D:\Programs\MiKTeX 2.8\tex\latex\base\ifthen.sty"
Package: ifthen 2001/05/26 v1.1c Standard LaTeX ifthen package (DPC)
)
("D:\Programs\MiKTeX 2.8\tex\latex\graphics\graphics.sty"
Package: graphics 2009/02/05 v1.0o Standard LaTeX Graphics (DPC,SPQR)

("D:\Programs\MiKTeX 2.8\tex\latex\graphics\trig.sty"
Package: trig 1999/03/16 v1.09 sin cos tan (DPC)
)
("D:\Programs\MiKTeX 2.8\tex\latex\00miktex\graphics.cfg"
File: graphics.cfg 2007/01/18 v1.5 graphics configuration of teTeX/TeXLive
)
Package graphics Info: Driver file: pdftex.def on input line 91.

("D:\Programs\MiKTeX 2.8\tex\latex\pdftex-def\pdftex.def"
File: pdftex.def 2010/02/14 v0.04n Graphics/color for pdfTeX
\Gread@gobject=\count82
))
("D:\Programs\MiKTeX 2.8\tex\latex\tools\xspace.sty"
Package: xspace 2006/05/08 v1.12 Space after command names (DPC,MH)
)
(D:\Diss\Writing\Thesis\eushield.sty
Package: eushield 2000/11/23\ v1.0\ Commands for including the EU shield graphi
c
)
("D:\Programs\MiKTeX 2.8\tex\latex\base\report.cls"
Document Class: report 2007/10/19 v1.4h Standard LaTeX document class
("D:\Programs\MiKTeX 2.8\tex\latex\base\size12.clo"
File: size12.clo 2007/10/19 v1.4h Standard LaTeX file (size option)
)
\c@part=\count83
\c@chapter=\count84
\c@section=\count85
\c@subsection=\count86
\c@subsubsection=\count87
\c@paragraph=\count88
\c@subparagraph=\count89
\c@figure=\count90
\c@table=\count91
\abovecaptionskip=\skip41
\belowcaptionskip=\skip42
\bibindent=\dimen110
)
("D:\Programs\MiKTeX 2.8\tex\latex\sectsty\sectsty.sty"
Package: sectsty 2002/02/25 v2.0.2 Commands to change all sectional heading sty
les
)
("D:\Programs\MiKTeX 2.8\tex\latex\caption\caption.sty"
Package: caption 2010/01/09 v3.1m Customizing captions (AR)

("D:\Programs\MiKTeX 2.8\tex\latex\caption\caption3.sty"
Package: caption3 2010/01/14 v3.1m caption3 kernel (AR)
\captionmargin=\dimen111
\captionmargin@=\dimen112
\captionwidth=\dimen113
\caption@indent=\dimen114
\caption@parindent=\dimen115
\caption@hangindent=\dimen116
)
\c@ContinuedFloat=\count92
))
("D:\Programs\MiKTeX 2.8\tex\latex\natbib\natbib.sty"
Package: natbib 2009/11/07 8.31a (PWD, AO)
\bibhang=\skip43
\bibsep=\skip44
LaTeX Info: Redefining \cite on input line 694.
\c@NAT@ctr=\count93
)
("D:\Programs\MiKTeX 2.8\tex\latex\ltxmisc\url.sty"
\Urlmuskip=\muskip10
Package: url 2006/04/12  ver 3.3  Verb mode for urls, etc.
)
(D:\Diss\Writing\Thesis\shortbold.sty)
("D:\Programs\MiKTeX 2.8\tex\latex\ams\math\amsmath.sty"
Package: amsmath 2000/07/18 v2.13 AMS math features
\@mathmargin=\skip45

For additional information on amsmath, use the `?' option.
("D:\Programs\MiKTeX 2.8\tex\latex\ams\math\amstext.sty"
Package: amstext 2000/06/29 v2.01

("D:\Programs\MiKTeX 2.8\tex\latex\ams\math\amsgen.sty"
File: amsgen.sty 1999/11/30 v2.0
\@emptytoks=\toks16
\ex@=\dimen117
))
("D:\Programs\MiKTeX 2.8\tex\latex\ams\math\amsbsy.sty"
Package: amsbsy 1999/11/29 v1.2d
\pmbraise@=\dimen118
)
("D:\Programs\MiKTeX 2.8\tex\latex\ams\math\amsopn.sty"
Package: amsopn 1999/12/14 v2.01 operator names
)
\inf@bad=\count94
LaTeX Info: Redefining \frac on input line 211.
\uproot@=\count95
\leftroot@=\count96
LaTeX Info: Redefining \overline on input line 307.
\classnum@=\count97
\DOTSCASE@=\count98
LaTeX Info: Redefining \ldots on input line 379.
LaTeX Info: Redefining \dots on input line 382.
LaTeX Info: Redefining \cdots on input line 467.
\Mathstrutbox@=\box26
\strutbox@=\box27
\big@size=\dimen119
LaTeX Font Info:    Redeclaring font encoding OML on input line 567.
LaTeX Font Info:    Redeclaring font encoding OMS on input line 568.
\macc@depth=\count99
\c@MaxMatrixCols=\count100
\dotsspace@=\muskip11
\c@parentequation=\count101
\dspbrk@lvl=\count102
\tag@help=\toks17
\row@=\count103
\column@=\count104
\maxfields@=\count105
\andhelp@=\toks18
\eqnshift@=\dimen120
\alignsep@=\dimen121
\tagshift@=\dimen122
\tagwidth@=\dimen123
\totwidth@=\dimen124
\lineht@=\dimen125
\@envbody=\toks19
\multlinegap=\skip46
\multlinetaggap=\skip47
\mathdisplay@stack=\toks20
LaTeX Info: Redefining \[ on input line 2666.
LaTeX Info: Redefining \] on input line 2667.
)
("D:\Programs\MiKTeX 2.8\tex\latex\mh\mathtools.sty"
Package: mathtools 2008/08/01 v1.06 mathematical typesetting tools (MH)

("D:\Programs\MiKTeX 2.8\tex\latex\tools\calc.sty"
Package: calc 2007/08/22 v4.3 Infix arithmetic (KKT,FJ)
\calc@Acount=\count106
\calc@Bcount=\count107
\calc@Adimen=\dimen126
\calc@Bdimen=\dimen127
\calc@Askip=\skip48
\calc@Bskip=\skip49
LaTeX Info: Redefining \setlength on input line 76.
LaTeX Info: Redefining \addtolength on input line 77.
\calc@Ccount=\count108
\calc@Cskip=\skip50
)
("D:\Programs\MiKTeX 2.8\tex\latex\mh\mhsetup.sty"
Package: mhsetup 2010/01/21 v1.2a programming setup (MH)
)
\g_MT_multlinerow_int=\count109
\l_MT_multwidth_dim=\dimen128
)
("D:\Programs\MiKTeX 2.8\tex\latex\booktabs\booktabs.sty"
Package: booktabs 2005/04/14 v1.61803 publication quality tables
\heavyrulewidth=\dimen129
\lightrulewidth=\dimen130
\cmidrulewidth=\dimen131
\belowrulesep=\dimen132
\belowbottomsep=\dimen133
\aboverulesep=\dimen134
\abovetopsep=\dimen135
\cmidrulesep=\dimen136
\cmidrulekern=\dimen137
\defaultaddspace=\dimen138
\@cmidla=\count110
\@cmidlb=\count111
\@aboverulesep=\dimen139
\@belowrulesep=\dimen140
\@thisruleclass=\count112
\@lastruleclass=\count113
\@thisrulewidth=\dimen141
)
("D:\Programs\MiKTeX 2.8\tex\latex\algorithms\algorithm.sty"
Package: algorithm 2009/08/24 v0.1 Document Style `algorithm' - floating enviro
nment

("D:\Programs\MiKTeX 2.8\tex\latex\float\float.sty"
Package: float 2001/11/08 v1.3d Float enhancements (AL)
\c@float@type=\count114
\float@exts=\toks21
\float@box=\box28
\@float@everytoks=\toks22
\@floatcapt=\box29
)
\@float@every@algorithm=\toks23
\c@algorithm=\count115
)
("D:\Programs\MiKTeX 2.8\tex\latex\algorithms\algorithmic.sty"
Package: algorithmic 2009/08/24 v0.1 Document Style `algorithmic'
\c@ALC@unique=\count116
\c@ALC@line=\count117
\c@ALC@rem=\count118
\c@ALC@depth=\count119
\ALC@tlm=\skip51
\algorithmicindent=\skip52
)
("D:\Programs\MiKTeX 2.8\tex\latex\tools\multicol.sty"
Package: multicol 2008/12/05 v1.6h multicolumn formatting (FMi)
\c@tracingmulticols=\count120
\mult@box=\box30
\multicol@leftmargin=\dimen142
\c@unbalance=\count121
\c@collectmore=\count122
\doublecol@number=\count123
\multicoltolerance=\count124
\multicolpretolerance=\count125
\full@width=\dimen143
\page@free=\dimen144
\premulticols=\dimen145
\postmulticols=\dimen146
\multicolsep=\skip53
\multicolbaselineskip=\skip54
\partial@page=\box31
\last@line=\box32
\mult@rightbox=\box33
\mult@grightbox=\box34
\mult@gfirstbox=\box35
\mult@firstbox=\box36
\@tempa=\box37
\@tempa=\box38
\@tempa=\box39
\@tempa=\box40
\@tempa=\box41
\@tempa=\box42
\@tempa=\box43
\@tempa=\box44
\@tempa=\box45
\@tempa=\box46
\@tempa=\box47
\@tempa=\box48
\@tempa=\box49
\@tempa=\box50
\@tempa=\box51
\@tempa=\box52
\@tempa=\box53
\c@columnbadness=\count126
\c@finalcolumnbadness=\count127
\last@try=\dimen147
\multicolovershoot=\dimen148
\multicolundershoot=\dimen149
\mult@nat@firstbox=\box54
\colbreak@box=\box55
)
("D:\Programs\MiKTeX 2.8\tex\latex\graphics\graphicx.sty"
Package: graphicx 1999/02/16 v1.0f Enhanced LaTeX Graphics (DPC,SPQR)
\Gin@req@height=\dimen150
\Gin@req@width=\dimen151
)
("D:\Programs\MiKTeX 2.8\tex\latex\subfigure\subfigure.sty"
Package: subfigure 2002/07/30 v2.1.4 subfigure package
\subfigtopskip=\skip55
\subfigcapskip=\skip56
\subfigcaptopadj=\dimen152
\subfigbottomskip=\skip57
\subfigcapmargin=\dimen153
\subfiglabelskip=\skip58
\c@subfigure=\count128
\c@lofdepth=\count129
\c@subtable=\count130
\c@lotdepth=\count131

****************************************
* Local config file subfigure.cfg used *
****************************************
("D:\Programs\MiKTeX 2.8\tex\latex\subfigure\subfigure.cfg")
\subfig@top=\skip59
\subfig@bottom=\skip60
)
(D:\Diss\Writing\Thesis\main.aux (D:\Diss\Writing\Thesis\chapters/chap3.aux)
(D:\Diss\Writing\Thesis\chapters/chap4.aux))
LaTeX Font Info:    Checking defaults for OML/cmm/m/it on input line 88.
LaTeX Font Info:    ... okay on input line 88.
LaTeX Font Info:    Checking defaults for T1/cmr/m/n on input line 88.
LaTeX Font Info:    ... okay on input line 88.
LaTeX Font Info:    Checking defaults for OT1/cmr/m/n on input line 88.
LaTeX Font Info:    ... okay on input line 88.
LaTeX Font Info:    Checking defaults for OMS/cmsy/m/n on input line 88.
LaTeX Font Info:    ... okay on input line 88.
LaTeX Font Info:    Checking defaults for OMX/cmex/m/n on input line 88.
LaTeX Font Info:    ... okay on input line 88.
LaTeX Font Info:    Checking defaults for U/cmr/m/n on input line 88.
LaTeX Font Info:    ... okay on input line 88.

*geometry* driver: auto-detecting
*geometry* detected driver: pdftex
*geometry* verbose mode - [ preamble ] result:
* driver: pdftex
* paper: a4paper
* layout: a4paper
* switch(es): 
* h-part:(L,W,R)=(113.81102pt, 412.56497pt, 71.13188pt)
* v-part:(T,H,B)=(56.9055pt, 674.33032pt, 113.81102pt)
* \paperwidth=597.50787pt
* \paperheight=845.04684pt
* \textwidth=412.56497pt
* \textheight=674.33032pt
* \oddsidemargin=41.54103pt
* \evensidemargin=41.54103pt
* \topmargin=-52.36449pt
* \headheight=12.0pt
* \headsep=25.0pt
* \footskip=30.0pt
* \marginparwidth=35.0pt
* \marginparsep=10.0pt
* \columnsep=10.0pt
* \skip\footins=10.8pt plus 4.0pt minus 2.0pt
* \hoffset=0.0pt
* \voffset=0.0pt
* \mag=1000
* \@twocolumnfalse
* \@twosidefalse
* \@mparswitchfalse
* \@reversemarginfalse
* (1in=72.27pt, 1cm=28.453pt)

("D:\Programs\MiKTeX 2.8\tex\context\base\supp-pdf.tex"
[Loading MPS to PDF converter (version 2006.09.02).]
\scratchcounter=\count132
\scratchdimen=\dimen154
\scratchbox=\box56
\nofMPsegments=\count133
\nofMParguments=\count134
\everyMPshowfont=\toks24
\MPscratchCnt=\count135
\MPscratchDim=\dimen155
\MPnumerator=\count136
\everyMPtoPDFconversion=\toks25
)
Package caption Info: Begin \AtBeginDocument code.
Package caption Info: float package is loaded.
Package caption Info: subfigure package is loaded.
Package caption Info: End \AtBeginDocument code.
 <images/thesis-shield.pdf, id=1, 364.36125pt x 369.38pt>
File: images/thesis-shield.pdf Graphic file (type pdf)

<use images/thesis-shield.pdf> [1

{C:/ProgramData/MiKTeX/2.8/pdftex/config/pdftex.map} <D:/Diss/Writing/Thesis/im
ages/thesis-shield.pdf>] [1

] [2] [3]
(D:\Diss\Writing\Thesis\main.toc)
\tf@toc=\write3
 [4

]
(D:\Diss\Writing\Thesis\chapters/chap3.tex
Chapter 1.
<images/mog.pdf, id=25, 170.6375pt x 175.65625pt>
File: images/mog.pdf Graphic file (type pdf)
 <use images/mog.pdf> [1



]

LaTeX Font Warning: Font shape `OT1/cmss/m/it' in size <12> not available
(Font)              Font shape `OT1/cmss/m/sl' tried instead on input line 49.

[2 <D:/Diss/Writing/Thesis/images/mog.pdf>]) [3]
(D:\Diss\Writing\Thesis\chapters/chap4.tex
Chapter 2.
LaTeX Font Info:    Try loading font information for OMS+cmr on input line 5.
("D:\Programs\MiKTeX 2.8\tex\latex\base\omscmr.fd"
File: omscmr.fd 1999/05/25 v2.5h Standard LaTeX font definitions
)
LaTeX Font Info:    Font shape `OMS/cmr/m/n' in size <12> not available
(Font)              Font shape `OMS/cmsy/m/n' tried instead on input line 5.

<images/sub-sample-1.pdf, id=58, 334.24875pt x 268.00125pt>
File: images/sub-sample-1.pdf Graphic file (type pdf)

<use images/sub-sample-1.pdf>
<images/sub-sample-2.pdf, id=59, 334.24875pt x 268.00125pt>
File: images/sub-sample-2.pdf Graphic file (type pdf)

<use images/sub-sample-2.pdf> [4



] [5 <D:/Diss/Writing/Thesis/images/sub-sample-1.pdf> <D:/Diss/Writing/Thesis/i
mages/sub-sample-2.pdf>] [6] [7] [8]) [9]
(D:\Diss\Writing\Thesis\main.bbl) [10


] (D:\Diss\Writing\Thesis\main.aux
(D:\Diss\Writing\Thesis\chapters/chap3.aux)
(D:\Diss\Writing\Thesis\chapters/chap4.aux)) ) 
Here is how much of TeX's memory you used:
 4860 strings out of 495285
 68107 string characters out of 3180831
 142966 words of memory out of 3000000
 7970 multiletter control sequences out of 15000+200000
 14180 words of font info for 50 fonts, out of 3000000 for 9000
 14 hyphenation exceptions out of 8191
 43i,17n,40p,682b,594s stack positions out of 5000i,500n,10000p,200000b,50000s
<D:/Programs/MiKTeX 2.8/fonts/typ
e1/public/amsfonts/cm/cmbx10.pfb><D:/Programs/MiKTeX 2.8/fonts/type1/public/ams
fonts/cm/cmbx12.pfb><D:/Programs/MiKTeX 2.8/fonts/type1/public/amsfonts/cm/cmbx
8.pfb><D:/Programs/MiKTeX 2.8/fonts/type1/public/amsfonts/cm/cmex10.pfb><D:/Pro
grams/MiKTeX 2.8/fonts/type1/public/amsfonts/cm/cmmi12.pfb><D:/Programs/MiKTeX 
2.8/fonts/type1/public/amsfonts/cm/cmmi6.pfb><D:/Programs/MiKTeX 2.8/fonts/type
1/public/amsfonts/cm/cmmi7.pfb><D:/Programs/MiKTeX 2.8/fonts/type1/public/amsfo
nts/cm/cmmi8.pfb><D:/Programs/MiKTeX 2.8/fonts/type1/public/amsfonts/cm/cmr10.p
fb><D:/Programs/MiKTeX 2.8/fonts/type1/public/amsfonts/cm/cmr12.pfb><D:/Program
s/MiKTeX 2.8/fonts/type1/public/amsfonts/cm/cmr6.pfb><D:/Programs/MiKTeX 2.8/fo
nts/type1/public/amsfonts/cm/cmr8.pfb><D:/Programs/MiKTeX 2.8/fonts/type1/publi
c/amsfonts/cm/cmss12.pfb><D:/Programs/MiKTeX 2.8/fonts/type1/public/amsfonts/cm
/cmssbx10.pfb><D:/Programs/MiKTeX 2.8/fonts/type1/public/amsfonts/cm/cmssi12.pf
b><D:/Programs/MiKTeX 2.8/fonts/type1/public/amsfonts/cm/cmsy10.pfb><D:/Program
s/MiKTeX 2.8/fonts/type1/public/amsfonts/cm/cmsy6.pfb><D:/Programs/MiKTeX 2.8/f
onts/type1/public/amsfonts/cm/cmsy8.pfb><D:/Programs/MiKTeX 2.8/fonts/type1/pub
lic/amsfonts/cm/cmti12.pfb><D:/Programs/MiKTeX 2.8/fonts/type1/public/amsfonts/
cm/cmtt12.pfb>
Output written on main.pdf (15 pages, 319119 bytes).
PDF statistics:
 149 PDF objects out of 1000 (max. 8388607)
 0 named destinations out of 1000 (max. 500000)
 21 words of extra memory for PDF output out of 10000 (max. 10000000)

