This is pdfTeX, Version 3.1415926-1.40.10 (MiKTeX 2.8) (preloaded format=pdflatex 2010.6.8)  23 JUL 2011 14:50
entering extended mode
**faces.tex
(D:\Diss\Writing\Presentation\tikz-files\faces.tex
LaTeX2e <2009/09/24>
Babel <v3.8l> and hyphenation patterns for english, dumylang, nohyphenation, ge
rman, ngerman, german-x-2009-06-19, ngerman-x-2009-06-19, french, loaded.
("D:\Programs\MiKTeX 2.8\tex\latex\base\article.cls"
Document Class: article 2007/10/19 v1.4h Standard LaTeX document class
("D:\Programs\MiKTeX 2.8\tex\latex\base\size10.clo"
File: size10.clo 2007/10/19 v1.4h Standard LaTeX file (size option)
)
\c@part=\count79
\c@section=\count80
\c@subsection=\count81
\c@subsubsection=\count82
\c@paragraph=\count83
\c@subparagraph=\count84
\c@figure=\count85
\c@table=\count86
\abovecaptionskip=\skip41
\belowcaptionskip=\skip42
\bibindent=\dimen102
)
("D:\Programs\MiKTeX 2.8\tex\latex\pgf\frontendlayer\tikz.sty"
("D:\Programs\MiKTeX 2.8\tex\latex\pgf\basiclayer\pgf.sty"
("D:\Programs\MiKTeX 2.8\tex\latex\pgf\utilities\pgfrcs.sty"
("D:\Programs\MiKTeX 2.8\tex\generic\pgf\utilities\pgfutil-common.tex"
\pgfutil@everybye=\toks14
)
("D:\Programs\MiKTeX 2.8\tex\generic\pgf\utilities\pgfutil-latex.def"
\pgfutil@abb=\box26

("D:\Programs\MiKTeX 2.8\tex\latex\ms\everyshi.sty"
Package: everyshi 2001/05/15 v3.00 EveryShipout Package (MS)
))
("D:\Programs\MiKTeX 2.8\tex\generic\pgf\utilities\pgfrcs.code.tex"
Package: pgfrcs 2010/10/25 v2.10 (rcs-revision 1.24)
))
Package: pgf 2008/01/15 v2.10 (rcs-revision 1.12)

("D:\Programs\MiKTeX 2.8\tex\latex\pgf\basiclayer\pgfcore.sty"
("D:\Programs\MiKTeX 2.8\tex\latex\graphics\graphicx.sty"
Package: graphicx 1999/02/16 v1.0f Enhanced LaTeX Graphics (DPC,SPQR)

("D:\Programs\MiKTeX 2.8\tex\latex\graphics\keyval.sty"
Package: keyval 1999/03/16 v1.13 key=value parser (DPC)
\KV@toks@=\toks15
)
("D:\Programs\MiKTeX 2.8\tex\latex\graphics\graphics.sty"
Package: graphics 2009/02/05 v1.0o Standard LaTeX Graphics (DPC,SPQR)

("D:\Programs\MiKTeX 2.8\tex\latex\graphics\trig.sty"
Package: trig 1999/03/16 v1.09 sin cos tan (DPC)
)
("D:\Programs\MiKTeX 2.8\tex\latex\00miktex\graphics.cfg"
File: graphics.cfg 2007/01/18 v1.5 graphics configuration of teTeX/TeXLive
)
Package graphics Info: Driver file: pdftex.def on input line 91.

("D:\Programs\MiKTeX 2.8\tex\latex\pdftex-def\pdftex.def"
File: pdftex.def 2010/02/14 v0.04n Graphics/color for pdfTeX
\Gread@gobject=\count87
))
\Gin@req@height=\dimen103
\Gin@req@width=\dimen104
)
("D:\Programs\MiKTeX 2.8\tex\latex\pgf\systemlayer\pgfsys.sty"
("D:\Programs\MiKTeX 2.8\tex\generic\pgf\systemlayer\pgfsys.code.tex"
Package: pgfsys 2010/06/30 v2.10 (rcs-revision 1.37)

("D:\Programs\MiKTeX 2.8\tex\generic\pgf\utilities\pgfkeys.code.tex"
\pgfkeys@pathtoks=\toks16
\pgfkeys@temptoks=\toks17

("D:\Programs\MiKTeX 2.8\tex\generic\pgf\utilities\pgfkeysfiltered.code.tex"
\pgfkeys@tmptoks=\toks18
))
\pgf@x=\dimen105
\pgf@y=\dimen106
\pgf@xa=\dimen107
\pgf@ya=\dimen108
\pgf@xb=\dimen109
\pgf@yb=\dimen110
\pgf@xc=\dimen111
\pgf@yc=\dimen112
\w@pgf@writea=\write3
\r@pgf@reada=\read1
\c@pgf@counta=\count88
\c@pgf@countb=\count89
\c@pgf@countc=\count90
\c@pgf@countd=\count91

("D:\Programs\MiKTeX 2.8\tex\generic\pgf\systemlayer\pgf.cfg"
File: pgf.cfg 2008/05/14  (rcs-revision 1.7)
)
Package pgfsys Info: Driver file for pgf: pgfsys-pdftex.def on input line 900.

("D:\Programs\MiKTeX 2.8\tex\generic\pgf\systemlayer\pgfsys-pdftex.def"
File: pgfsys-pdftex.def 2009/05/22  (rcs-revision 1.26)

("D:\Programs\MiKTeX 2.8\tex\generic\pgf\systemlayer\pgfsys-common-pdf.def"
File: pgfsys-common-pdf.def 2008/05/19  (rcs-revision 1.10)
)))
("D:\Programs\MiKTeX 2.8\tex\generic\pgf\systemlayer\pgfsyssoftpath.code.tex"
File: pgfsyssoftpath.code.tex 2008/07/18  (rcs-revision 1.7)
\pgfsyssoftpath@smallbuffer@items=\count92
\pgfsyssoftpath@bigbuffer@items=\count93
)
("D:\Programs\MiKTeX 2.8\tex\generic\pgf\systemlayer\pgfsysprotocol.code.tex"
File: pgfsysprotocol.code.tex 2006/10/16  (rcs-revision 1.4)
)) ("D:\Programs\MiKTeX 2.8\tex\latex\xcolor\xcolor.sty"
Package: xcolor 2007/01/21 v2.11 LaTeX color extensions (UK)

("D:\Programs\MiKTeX 2.8\tex\latex\00miktex\color.cfg"
File: color.cfg 2007/01/18 v1.5 color configuration of teTeX/TeXLive
)
Package xcolor Info: Driver file: pdftex.def on input line 225.
Package xcolor Info: Model `cmy' substituted by `cmy0' on input line 1337.
Package xcolor Info: Model `hsb' substituted by `rgb' on input line 1341.
Package xcolor Info: Model `RGB' extended on input line 1353.
Package xcolor Info: Model `HTML' substituted by `rgb' on input line 1355.
Package xcolor Info: Model `Hsb' substituted by `hsb' on input line 1356.
Package xcolor Info: Model `tHsb' substituted by `hsb' on input line 1357.
Package xcolor Info: Model `HSB' substituted by `hsb' on input line 1358.
Package xcolor Info: Model `Gray' substituted by `gray' on input line 1359.
Package xcolor Info: Model `wave' substituted by `hsb' on input line 1360.
)
("D:\Programs\MiKTeX 2.8\tex\generic\pgf\basiclayer\pgfcore.code.tex"
Package: pgfcore 2010/04/11 v2.10 (rcs-revision 1.7)

("D:\Programs\MiKTeX 2.8\tex\generic\pgf\math\pgfmath.code.tex"
("D:\Programs\MiKTeX 2.8\tex\generic\pgf\math\pgfmathcalc.code.tex"
("D:\Programs\MiKTeX 2.8\tex\generic\pgf\math\pgfmathutil.code.tex")
("D:\Programs\MiKTeX 2.8\tex\generic\pgf\math\pgfmathparser.code.tex"
\pgfmath@dimen=\dimen113
\pgfmath@count=\count94
\pgfmath@box=\box27
\pgfmath@toks=\toks19
\pgfmath@stack@operand=\toks20
\pgfmath@stack@operation=\toks21
)
("D:\Programs\MiKTeX 2.8\tex\generic\pgf\math\pgfmathfunctions.code.tex"
("D:\Programs\MiKTeX 2.8\tex\generic\pgf\math\pgfmathfunctions.basic.code.tex")

("D:\Programs\MiKTeX 2.8\tex\generic\pgf\math\pgfmathfunctions.trigonometric.co
de.tex")
("D:\Programs\MiKTeX 2.8\tex\generic\pgf\math\pgfmathfunctions.random.code.tex"
)
("D:\Programs\MiKTeX 2.8\tex\generic\pgf\math\pgfmathfunctions.comparison.code.
tex")
("D:\Programs\MiKTeX 2.8\tex\generic\pgf\math\pgfmathfunctions.base.code.tex")
("D:\Programs\MiKTeX 2.8\tex\generic\pgf\math\pgfmathfunctions.round.code.tex")
("D:\Programs\MiKTeX 2.8\tex\generic\pgf\math\pgfmathfunctions.misc.code.tex"))
) ("D:\Programs\MiKTeX 2.8\tex\generic\pgf\math\pgfmathfloat.code.tex"
\c@pgfmathroundto@lastzeros=\count95
))
("D:\Programs\MiKTeX 2.8\tex\generic\pgf\basiclayer\pgfcorepoints.code.tex"
File: pgfcorepoints.code.tex 2010/04/09  (rcs-revision 1.20)
\pgf@picminx=\dimen114
\pgf@picmaxx=\dimen115
\pgf@picminy=\dimen116
\pgf@picmaxy=\dimen117
\pgf@pathminx=\dimen118
\pgf@pathmaxx=\dimen119
\pgf@pathminy=\dimen120
\pgf@pathmaxy=\dimen121
\pgf@xx=\dimen122
\pgf@xy=\dimen123
\pgf@yx=\dimen124
\pgf@yy=\dimen125
\pgf@zx=\dimen126
\pgf@zy=\dimen127
)
("D:\Programs\MiKTeX 2.8\tex\generic\pgf\basiclayer\pgfcorepathconstruct.code.t
ex"
File: pgfcorepathconstruct.code.tex 2010/08/03  (rcs-revision 1.24)
\pgf@path@lastx=\dimen128
\pgf@path@lasty=\dimen129
)
("D:\Programs\MiKTeX 2.8\tex\generic\pgf\basiclayer\pgfcorepathusage.code.tex"
File: pgfcorepathusage.code.tex 2008/04/22  (rcs-revision 1.12)
\pgf@shorten@end@additional=\dimen130
\pgf@shorten@start@additional=\dimen131
) ("D:\Programs\MiKTeX 2.8\tex\generic\pgf\basiclayer\pgfcorescopes.code.tex"
File: pgfcorescopes.code.tex 2010/09/08  (rcs-revision 1.34)
\pgfpic=\box28
\pgf@hbox=\box29
\pgf@layerbox@main=\box30
\pgf@picture@serial@count=\count96
)
("D:\Programs\MiKTeX 2.8\tex\generic\pgf\basiclayer\pgfcoregraphicstate.code.te
x"
File: pgfcoregraphicstate.code.tex 2008/04/22  (rcs-revision 1.9)
\pgflinewidth=\dimen132
)
("D:\Programs\MiKTeX 2.8\tex\generic\pgf\basiclayer\pgfcoretransformations.code
.tex"
File: pgfcoretransformations.code.tex 2009/06/10  (rcs-revision 1.11)
\pgf@pt@x=\dimen133
\pgf@pt@y=\dimen134
\pgf@pt@temp=\dimen135
) ("D:\Programs\MiKTeX 2.8\tex\generic\pgf\basiclayer\pgfcorequick.code.tex"
File: pgfcorequick.code.tex 2008/10/09  (rcs-revision 1.3)
) ("D:\Programs\MiKTeX 2.8\tex\generic\pgf\basiclayer\pgfcoreobjects.code.tex"
File: pgfcoreobjects.code.tex 2006/10/11  (rcs-revision 1.2)
)
("D:\Programs\MiKTeX 2.8\tex\generic\pgf\basiclayer\pgfcorepathprocessing.code.
tex"
File: pgfcorepathprocessing.code.tex 2008/10/09  (rcs-revision 1.8)
) ("D:\Programs\MiKTeX 2.8\tex\generic\pgf\basiclayer\pgfcorearrows.code.tex"
File: pgfcorearrows.code.tex 2008/04/23  (rcs-revision 1.11)
) ("D:\Programs\MiKTeX 2.8\tex\generic\pgf\basiclayer\pgfcoreshade.code.tex"
File: pgfcoreshade.code.tex 2008/11/23  (rcs-revision 1.13)
\pgf@max=\dimen136
\pgf@sys@shading@range@num=\count97
) ("D:\Programs\MiKTeX 2.8\tex\generic\pgf\basiclayer\pgfcoreimage.code.tex"
File: pgfcoreimage.code.tex 2010/03/25  (rcs-revision 1.16)

("D:\Programs\MiKTeX 2.8\tex\generic\pgf\basiclayer\pgfcoreexternal.code.tex"
File: pgfcoreexternal.code.tex 2010/09/01  (rcs-revision 1.17)
\pgfexternal@startupbox=\box31
)) ("D:\Programs\MiKTeX 2.8\tex\generic\pgf\basiclayer\pgfcorelayers.code.tex"
File: pgfcorelayers.code.tex 2010/08/27  (rcs-revision 1.2)
)
("D:\Programs\MiKTeX 2.8\tex\generic\pgf\basiclayer\pgfcoretransparency.code.te
x"
File: pgfcoretransparency.code.tex 2008/01/17  (rcs-revision 1.2)
) ("D:\Programs\MiKTeX 2.8\tex\generic\pgf\basiclayer\pgfcorepatterns.code.tex"
File: pgfcorepatterns.code.tex 2009/07/02  (rcs-revision 1.3)
))) ("D:\Programs\MiKTeX 2.8\tex\generic\pgf\modules\pgfmoduleshapes.code.tex"
File: pgfmoduleshapes.code.tex 2010/09/09  (rcs-revision 1.13)
\pgfnodeparttextbox=\box32
) ("D:\Programs\MiKTeX 2.8\tex\generic\pgf\modules\pgfmoduleplot.code.tex"
File: pgfmoduleplot.code.tex 2010/10/22  (rcs-revision 1.8)
)
("D:\Programs\MiKTeX 2.8\tex\latex\pgf\compatibility\pgfcomp-version-0-65.sty"
Package: pgfcomp-version-0-65 2007/07/03 v2.10 (rcs-revision 1.7)
\pgf@nodesepstart=\dimen137
\pgf@nodesepend=\dimen138
) ("D:\Programs\MiKTeX 2.8\tex\latex\pgf\compatibility\pgfcomp-version-1-18.sty
"
Package: pgfcomp-version-1-18 2007/07/23 v2.10 (rcs-revision 1.1)
)) ("D:\Programs\MiKTeX 2.8\tex\latex\pgf\utilities\pgffor.sty"
("D:\Programs\MiKTeX 2.8\tex\latex\pgf\utilities\pgfkeys.sty"
("D:\Programs\MiKTeX 2.8\tex\generic\pgf\utilities\pgfkeys.code.tex"))
("D:\Programs\MiKTeX 2.8\tex\generic\pgf\utilities\pgffor.code.tex"
Package: pgffor 2010/03/23 v2.10 (rcs-revision 1.18)
\pgffor@iter=\dimen139
\pgffor@skip=\dimen140
\pgffor@stack=\toks22
\pgffor@toks=\toks23
))
("D:\Programs\MiKTeX 2.8\tex\generic\pgf\frontendlayer\tikz\tikz.code.tex"
Package: tikz 2010/10/13 v2.10 (rcs-revision 1.76)

("D:\Programs\MiKTeX 2.8\tex\generic\pgf\libraries\pgflibraryplothandlers.code.
tex"
File: pgflibraryplothandlers.code.tex 2010/05/31 v2.10 (rcs-revision 1.15)
\pgf@plot@mark@count=\count98
\pgfplotmarksize=\dimen141
)
\tikz@lastx=\dimen142
\tikz@lasty=\dimen143
\tikz@lastxsaved=\dimen144
\tikz@lastysaved=\dimen145
\tikzleveldistance=\dimen146
\tikzsiblingdistance=\dimen147
\tikz@figbox=\box33
\tikz@tempbox=\box34
\tikztreelevel=\count99
\tikznumberofchildren=\count100
\tikznumberofcurrentchild=\count101
\tikz@fig@count=\count102
 ("D:\Programs\MiKTeX 2.8\tex\generic\pgf\modules\pgfmodulematrix.code.tex"
File: pgfmodulematrix.code.tex 2010/08/24  (rcs-revision 1.4)
\pgfmatrixcurrentrow=\count103
\pgfmatrixcurrentcolumn=\count104
\pgf@matrix@numberofcolumns=\count105
)
\tikz@expandcount=\count106

("D:\Programs\MiKTeX 2.8\tex\generic\pgf\frontendlayer\tikz\libraries\tikzlibra
rytopaths.code.tex"
File: tikzlibrarytopaths.code.tex 2008/06/17 v2.10 (rcs-revision 1.2)
))) ("D:\Programs\MiKTeX 2.8\tex\latex\ams\math\amsmath.sty"
Package: amsmath 2000/07/18 v2.13 AMS math features
\@mathmargin=\skip43
For additional information on amsmath, use the `?' option.
("D:\Programs\MiKTeX 2.8\tex\latex\ams\math\amstext.sty"
Package: amstext 2000/06/29 v2.01

("D:\Programs\MiKTeX 2.8\tex\latex\ams\math\amsgen.sty"
File: amsgen.sty 1999/11/30 v2.0
\@emptytoks=\toks24
\ex@=\dimen148
))
("D:\Programs\MiKTeX 2.8\tex\latex\ams\math\amsbsy.sty"
Package: amsbsy 1999/11/29 v1.2d
\pmbraise@=\dimen149
)
("D:\Programs\MiKTeX 2.8\tex\latex\ams\math\amsopn.sty"
Package: amsopn 1999/12/14 v2.01 operator names
)
\inf@bad=\count107
LaTeX Info: Redefining \frac on input line 211.
\uproot@=\count108
\leftroot@=\count109
LaTeX Info: Redefining \overline on input line 307.
\classnum@=\count110
\DOTSCASE@=\count111
LaTeX Info: Redefining \ldots on input line 379.
LaTeX Info: Redefining \dots on input line 382.
LaTeX Info: Redefining \cdots on input line 467.
\Mathstrutbox@=\box35
\strutbox@=\box36
\big@size=\dimen150
LaTeX Font Info:    Redeclaring font encoding OML on input line 567.
LaTeX Font Info:    Redeclaring font encoding OMS on input line 568.
\macc@depth=\count112
\c@MaxMatrixCols=\count113
\dotsspace@=\muskip10
\c@parentequation=\count114
\dspbrk@lvl=\count115
\tag@help=\toks25
\row@=\count116
\column@=\count117
\maxfields@=\count118
\andhelp@=\toks26
\eqnshift@=\dimen151
\alignsep@=\dimen152
\tagshift@=\dimen153
\tagwidth@=\dimen154
\totwidth@=\dimen155
\lineht@=\dimen156
\@envbody=\toks27
\multlinegap=\skip44
\multlinetaggap=\skip45
\mathdisplay@stack=\toks28
LaTeX Info: Redefining \[ on input line 2666.
LaTeX Info: Redefining \] on input line 2667.
)
("D:\Programs\MiKTeX 2.8\tex\latex\siunitx\siunitx.sty"
Package: siunitx 2010/02/22 v1.4c A comprehensive (SI) units package

("D:\Programs\MiKTeX 2.8\tex\latex\xkeyval\xkeyval.sty"
Package: xkeyval 2008/08/13 v2.6a package option processing (HA)

("D:\Programs\MiKTeX 2.8\tex\generic\xkeyval\xkeyval.tex"
\XKV@toks=\toks29
\XKV@tempa@toks=\toks30
\XKV@depth=\count119
File: xkeyval.tex 2008/08/13 v2.6a key=value parser (HA)
))
("D:\Programs\MiKTeX 2.8\tex\latex\tools\array.sty"
Package: array 2008/09/09 v2.4c Tabular extension package (FMi)
\col@sep=\dimen157
\extrarowheight=\dimen158
\NC@list=\toks31
\extratabsurround=\skip46
\backup@length=\skip47
)
("D:\Programs\MiKTeX 2.8\tex\latex\tools\xspace.sty"
Package: xspace 2006/05/08 v1.12 Space after command names (DPC,MH)
)
\si@tempboxa=\box37
\si@tempboxb=\box38
\si@tempboxc=\box39
\si@tempboxd=\box40
\si@temptoks=\toks32
\si@tab@mantprecnt=\count120
\si@tab@mantpostcnt=\count121
\si@tab@expprecnt=\count122
\si@tab@exppostcnt=\count123
\si@num@dp=\count124
\si@num@sf=\count125
\si@eVcorra=\skip48
\si@eVcorrb=\skip49
\si@frc@displen=\skip50
\si@frc@textlen=\skip51
\si@frc@suplen=\skip52
\si@frc@ssuplen=\skip53
\si@num@rndtarget=\count126
\si@tab@toks=\toks33
\si@tab@pretoks=\toks34
\si@tab@posttoks=\toks35
\si@tempcnta=\count127
\si@tempcntb=\count128
\si@tab@prebox=\box41
\si@tab@midbox=\box42
\si@tab@postbox=\box43
\si@tab@expbox=\box44
\si@tab@predim=\dimen159
\si@tab@postdim=\dimen160
\si@tab@expdim=\dimen161
\si@tempdima=\dimen162
\si@tempdimb=\dimen163
\si@unt@unitcnta=\count129
\si@unt@unitcntb=\count130
\si@unt@depthcnt=\count131
\si@unt@prefixcnt=\count132
\si@unt@powerdim=\dimen164

("D:\Programs\MiKTeX 2.8\tex\latex\siunitx\config\si-prefix.cfg"
File: si-prefix.cfg 2010/02/22 v1.4c siunitx: SI Multiple prefixes
Package siunitx Info: Redefining unit \kilogram on input line 46.
)
("D:\Programs\MiKTeX 2.8\tex\latex\siunitx\config\si-named.cfg"
File: si-named.cfg 2010/02/22 v1.4c siunitx: SI Named units
)
("D:\Programs\MiKTeX 2.8\tex\latex\siunitx\config\si-addn.cfg"
File: si-addn.cfg 2010/02/22 v1.4c siunitx: SI Additional units
)
("D:\Programs\MiKTeX 2.8\tex\latex\siunitx\config\si-prefixed.cfg"
File: si-prefixed.cfg 2010/02/22 v1.4c siunitx: SI Prefixed units

("D:\Programs\MiKTeX 2.8\tex\latex\siunitx\config\si-accepted.cfg"
File: si-accepted.cfg 2010/02/22 v1.4c siunitx: SI Accepted units
)
("D:\Programs\MiKTeX 2.8\tex\latex\siunitx\config\si-physical.cfg"
File: si-physical.cfg 2010/02/22 v1.4c siunitx: SI Physically-measured units
))
("D:\Programs\MiKTeX 2.8\tex\latex\siunitx\config\si-abbr.cfg"
File: si-abbr.cfg 2010/02/22 v1.4c siunitx: Abbreviated units
))
("D:\Programs\MiKTeX 2.8\tex\generic\pgf\frontendlayer\tikz\libraries\tikzlibra
ryarrows.code.tex"
File: tikzlibraryarrows.code.tex 2008/01/09 v2.10 (rcs-revision 1.1)

("D:\Programs\MiKTeX 2.8\tex\generic\pgf\libraries\pgflibraryarrows.code.tex"
File: pgflibraryarrows.code.tex 2008/10/27 v2.10 (rcs-revision 1.9)
\arrowsize=\dimen165
))
("D:\Programs\MiKTeX 2.8\tex\generic\pgf\frontendlayer\tikz\libraries\tikzlibra
rybackgrounds.code.tex"
File: tikzlibrarybackgrounds.code.tex 2010/02/08 v2.10 (rcs-revision 1.2)
\pgf@layerbox@background=\box45
\pgf@layerboxsaved@background=\box46
)
("D:\Programs\MiKTeX 2.8\tex\generic\pgf\frontendlayer\tikz\libraries\tikzlibra
rypatterns.code.tex"
File: tikzlibrarypatterns.code.tex 2008/01/15 v2.10 (rcs-revision 1.2)

("D:\Programs\MiKTeX 2.8\tex\generic\pgf\libraries\pgflibrarypatterns.code.tex"
File: pgflibrarypatterns.code.tex 2008/03/03 v2.10 (rcs-revision 1.13)
))
("D:\Programs\MiKTeX 2.8\tex\generic\pgf\frontendlayer\tikz\libraries\tikzlibra
rymatrix.code.tex"
File: tikzlibrarymatrix.code.tex 2008/06/18 v2.10 (rcs-revision 1.2)
)
("D:\Programs\MiKTeX 2.8\tex\generic\pgf\frontendlayer\tikz\libraries\tikzlibra
ryshapes.code.tex"
File: tikzlibraryshapes.code.tex 2008/01/09 v2.10 (rcs-revision 1.1)

("D:\Programs\MiKTeX 2.8\tex\generic\pgf\frontendlayer\tikz\libraries\tikzlibra
ryshapes.geometric.code.tex"
File: tikzlibraryshapes.geometric.code.tex 2008/01/09 v2.10 (rcs-revision 1.1)

("D:\Programs\MiKTeX 2.8\tex\generic\pgf\libraries\pgflibraryshapes.geometric.c
ode.tex"
File: pgflibraryshapes.geometric.code.tex 2008/02/01 v2.10 (rcs-revision 1.22)
))
("D:\Programs\MiKTeX 2.8\tex\generic\pgf\frontendlayer\tikz\libraries\tikzlibra
ryshapes.misc.code.tex"
File: tikzlibraryshapes.misc.code.tex 2008/01/09 v2.10 (rcs-revision 1.1)

("D:\Programs\MiKTeX 2.8\tex\generic\pgf\libraries\pgflibraryshapes.misc.code.t
ex"
File: pgflibraryshapes.misc.code.tex 2008/02/12 v2.10 (rcs-revision 1.10)
))
("D:\Programs\MiKTeX 2.8\tex\generic\pgf\frontendlayer\tikz\libraries\tikzlibra
ryshapes.symbols.code.tex"
File: tikzlibraryshapes.symbols.code.tex 2008/01/09 v2.10 (rcs-revision 1.1)

("D:\Programs\MiKTeX 2.8\tex\generic\pgf\libraries\pgflibraryshapes.symbols.cod
e.tex"
File: pgflibraryshapes.symbols.code.tex 2008/01/30 v2.10 (rcs-revision 1.13)
))
("D:\Programs\MiKTeX 2.8\tex\generic\pgf\frontendlayer\tikz\libraries\tikzlibra
ryshapes.arrows.code.tex"
File: tikzlibraryshapes.arrows.code.tex 2008/01/09 v2.10 (rcs-revision 1.1)

("D:\Programs\MiKTeX 2.8\tex\generic\pgf\libraries\pgflibraryshapes.arrows.code
.tex"
File: pgflibraryshapes.arrows.code.tex 2007/11/10 v2.10 (rcs-revision 1.3)
))
("D:\Programs\MiKTeX 2.8\tex\generic\pgf\frontendlayer\tikz\libraries\tikzlibra
ryshapes.callouts.code.tex"
("D:\Programs\MiKTeX 2.8\tex\generic\pgf\libraries\pgflibraryshapes.callouts.co
de.tex"))
("D:\Programs\MiKTeX 2.8\tex\generic\pgf\frontendlayer\tikz\libraries\tikzlibra
ryshapes.multipart.code.tex"
File: tikzlibraryshapes.multipart.code.tex 2008/01/09 v2.10 (rcs-revision 1.1)

("D:\Programs\MiKTeX 2.8\tex\generic\pgf\libraries\pgflibraryshapes.multipart.c
ode.tex"
File: pgflibraryshapes.multipart.code.tex 2008/01/15 v2.10 (rcs-revision 1.7)
\pgfnodepartlowerbox=\box47
\pgfnodepartsecondbox=\box48
\pgfnodepartthirdbox=\box49
\pgfnodepartfourthbox=\box50
)))
("D:\Programs\MiKTeX 2.8\tex\generic\pgf\frontendlayer\tikz\libraries\tikzlibra
ryfit.code.tex"
File: tikzlibraryfit.code.tex 2008/06/21 v2.10 (rcs-revision 1.3)
)
("D:\Programs\MiKTeX 2.8\tex\generic\pgf\frontendlayer\tikz\libraries\tikzlibra
rycalc.code.tex"
File: tikzlibrarycalc.code.tex 2009/09/04 v2.10 (rcs-revision 1.6)
)
("D:\Programs\MiKTeX 2.8\tex\generic\pgf\frontendlayer\tikz\libraries\tikzlibra
ryshadows.code.tex"
File: tikzlibraryshadows.code.tex 2008/01/13 v2.10 (rcs-revision 1.3)

("D:\Programs\MiKTeX 2.8\tex\generic\pgf\frontendlayer\tikz\libraries\tikzlibra
ryfadings.code.tex"
File: tikzlibraryfadings.code.tex 2009/11/15 v2.10 (rcs-revision 1.2)

("D:\Programs\MiKTeX 2.8\tex\generic\pgf\libraries\pgflibraryfadings.code.tex"
File: pgflibraryfadings.code.tex 2008/02/07 v2.10 (rcs-revision 1.3)
)))
("D:\Programs\MiKTeX 2.8\tex\generic\pgf\frontendlayer\tikz\libraries\tikzlibra
ryplotmarks.code.tex"
File: tikzlibraryplotmarks.code.tex 2008/01/09 v2.10 (rcs-revision 1.1)

("D:\Programs\MiKTeX 2.8\tex\generic\pgf\libraries\pgflibraryplotmarks.code.tex
"
File: pgflibraryplotmarks.code.tex 2010/10/15 v2.10 (rcs-revision 1.12)
))
("D:\Programs\MiKTeX 2.8\tex\generic\pgf\frontendlayer\tikz\libraries\tikzlibra
rypositioning.code.tex"
File: tikzlibrarypositioning.code.tex 2008/10/06 v2.10 (rcs-revision 1.7)
) ("D:\Programs\MiKTeX 2.8\tex\latex\preview\preview.sty"
Package: preview 2010/02/14 11.86 (AUCTeX/preview-latex)
 ("D:\Programs\MiKTeX 2.8\tex\latex\preview\prtightpage.def"
\PreviewBorder=\dimen166
)
\pr@snippet=\count133
\pr@box=\box51
\pr@output=\toks36
)
\imagewidth=\skip54
\imagescale=\skip55

(D:\Diss\Writing\Presentation\tikz-files\faces.aux)
LaTeX Font Info:    Checking defaults for OML/cmm/m/it on input line 14.
LaTeX Font Info:    ... okay on input line 14.
LaTeX Font Info:    Checking defaults for T1/cmr/m/n on input line 14.
LaTeX Font Info:    ... okay on input line 14.
LaTeX Font Info:    Checking defaults for OT1/cmr/m/n on input line 14.
LaTeX Font Info:    ... okay on input line 14.
LaTeX Font Info:    Checking defaults for OMS/cmsy/m/n on input line 14.
LaTeX Font Info:    ... okay on input line 14.
LaTeX Font Info:    Checking defaults for OMX/cmex/m/n on input line 14.
LaTeX Font Info:    ... okay on input line 14.
LaTeX Font Info:    Checking defaults for U/cmr/m/n on input line 14.
LaTeX Font Info:    ... okay on input line 14.
LaTeX Font Info:    Checking defaults for TS1/cmr/m/n on input line 14.
LaTeX Font Info:    Try loading font information for TS1+cmr on input line 14.

("D:\Programs\MiKTeX 2.8\tex\latex\base\ts1cmr.fd"
File: ts1cmr.fd 1999/05/25 v2.5h Standard LaTeX font definitions
)
LaTeX Font Info:    ... okay on input line 14.

ABD: EveryShipout initializing macros
("D:\Programs\MiKTeX 2.8\tex\context\base\supp-pdf.tex"
[Loading MPS to PDF converter (version 2006.09.02).]
\scratchcounter=\count134
\scratchdimen=\dimen167
\scratchbox=\box52
\nofMPsegments=\count135
\nofMParguments=\count136
\everyMPshowfont=\toks37
\MPscratchCnt=\count137
\MPscratchDim=\dimen168
\MPnumerator=\count138
\everyMPtoPDFconversion=\toks38
)
Package siunitx Info: xfrac package unavailable
(siunitx)             using `fraction=sfrac' will fall back on
(siunitx)             nicefrac-like method on input line 14.

Preview: Fontsize 10pt
Preview: PDFoutput 1
<s1-normal.jpg, id=20, 195.73125pt x 240.9pt>
File: s1-normal.jpg Graphic file (type jpg)
 <use s1-normal.jpg>
<s1-surprised.jpg, id=21, 195.73125pt x 240.9pt>
File: s1-surprised.jpg Graphic file (type jpg)
 <use s1-surprised.jpg>
<s2-normal.jpg, id=22, 195.73125pt x 240.9pt>
File: s2-normal.jpg Graphic file (type jpg)
 <use s2-normal.jpg>
<s2-surprised.jpg, id=23, 195.73125pt x 240.9pt>
File: s2-surprised.jpg Graphic file (type jpg)
 <use s2-surprised.jpg>
Underfull \hbox (badness 10000) in paragraph at lines 29--29
 [][][][] 
 []


Underfull \hbox (badness 10000) in paragraph at lines 30--30
 [][][][] 
 []


Overfull \hbox (150.59021pt too wide) in paragraph at lines 34--34
[][] 
 []

Preview: Tightpage -32891 -32891 32891 32891
[1 <D:/Diss/Writing/Presentation/tikz-files/s1-normal.jpg> <D:/Diss/Writing/Pre
sentation/tikz-files/s1-surprised.jpg> <D:/Diss/Writing/Presentation/tikz-files
/s2-normal.jpg> <D:/Diss/Writing/Presentation/tikz-files/s2-surprised.jpg>]
(D:\Diss\Writing\Presentation\tikz-files\faces.aux) ) 
Here is how much of TeX's memory you used:
 13807 strings out of 495285
 270131 string characters out of 3180831
 359274 words of memory out of 3000000
 16716 multiletter control sequences out of 15000+200000
 5503 words of font info for 22 fonts, out of 3000000 for 9000
 14 hyphenation exceptions out of 8191
 56i,7n,73p,481b,589s stack positions out of 5000i,500n,10000p,200000b,50000s

Output written on faces.pdf (1 page, 94020 bytes).
PDF statistics:
 29 PDF objects out of 1000 (max. 8388607)
 0 named destinations out of 1000 (max. 500000)
 129 words of extra memory for PDF output out of 10000 (max. 10000000)

